   1               		.file	"blink.c"
   2               	__SREG__ = 0x3f
   3               	__SP_H__ = 0x3e
   4               	__SP_L__ = 0x3d
   5               	__CCP__  = 0x34
   6               	__tmp_reg__ = 0
   7               	__zero_reg__ = 1
  15               	.Ltext0:
  16               	.global	main
  18               	main:
  19               	.LFB6:
  20               	.LM1:
  21 0000 8F92      		push r8
  22 0002 9F92      		push r9
  23 0004 AF92      		push r10
  24 0006 BF92      		push r11
  25 0008 CF92      		push r12
  26 000a DF92      		push r13
  27 000c EF92      		push r14
  28 000e FF92      		push r15
  29 0010 0F93      		push r16
  30 0012 1F93      		push r17
  31 0014 CF93      		push r28
  32 0016 DF93      		push r29
  33               	/* prologue: function */
  34               	/* frame size = 0 */
  35               	.LM2:
  36 0018 87B3      		in r24,55-32
  37 001a 8360      		ori r24,lo8(3)
  38 001c 87BB      		out 55-32,r24
  39               	.LM3:
  40 001e C09A      		sbi 56-32,0
  41               	.LM4:
  42 0020 C198      		cbi 56-32,1
  43               	.LM5:
  44 0022 8898      		cbi 49-32,0
  45               	.LM6:
  46 0024 909A      		sbi 50-32,0
  47               	.LM7:
  48 0026 8824      		clr r8
  49 0028 8394      		inc r8
  50               	.LM8:
  51 002a 82E0      		ldi r24,lo8(2)
  52 002c 982E      		mov r9,r24
  53               	.LBB12:
  54               	.LBB13:
  55               	.LBB14:
  56               	.LBB15:
  57               	.LM9:
  58 002e C9E1      		ldi r28,lo8(25)
  59 0030 D0E0      		ldi r29,hi8(25)
  60               	.LVL0:
  61               	.L17:
  62               	.LBE15:
  63               	.LBE14:
  64               	.LBE13:
  65               	.LBE12:
  66               	.LM10:
  67 0032 88B3      		in r24,56-32
  68               	.LVL1:
  69 0034 8825      		eor r24,r8
  70 0036 88BB      		out 56-32,r24
  71               	.LM11:
  72 0038 88B3      		in r24,56-32
  73 003a 8925      		eor r24,r9
  74 003c 88BB      		out 56-32,r24
  75               	.LM12:
  76 003e 8099      		sbic 48-32,0
  77 0040 00C0      		rjmp .L2
  78 0042 0F2E      		mov __tmp_reg__,r31
  79 0044 F0E0      		ldi r31,lo8(0x43480000)
  80 0046 AF2E      		mov r10,r31
  81 0048 F0E0      		ldi r31,hi8(0x43480000)
  82 004a BF2E      		mov r11,r31
  83 004c F8E4      		ldi r31,hlo8(0x43480000)
  84 004e CF2E      		mov r12,r31
  85 0050 F3E4      		ldi r31,hhi8(0x43480000)
  86 0052 DF2E      		mov r13,r31
  87 0054 F02D      		mov r31,__tmp_reg__
  88 0056 00C0      		rjmp .L3
  89               	.L2:
  90 0058 0F2E      		mov __tmp_reg__,r31
  91 005a F0E0      		ldi r31,lo8(0x447a0000)
  92 005c AF2E      		mov r10,r31
  93 005e F0E0      		ldi r31,hi8(0x447a0000)
  94 0060 BF2E      		mov r11,r31
  95 0062 FAE7      		ldi r31,hlo8(0x447a0000)
  96 0064 CF2E      		mov r12,r31
  97 0066 F4E4      		ldi r31,hhi8(0x447a0000)
  98 0068 DF2E      		mov r13,r31
  99 006a F02D      		mov r31,__tmp_reg__
 100               	.L3:
 101               	.LBB21:
 102               	.LBB20:
 103               	.LM13:
 104 006c C601      		movw r24,r12
 105 006e B501      		movw r22,r10
 106               	.LVL2:
 107 0070 20E0      		ldi r18,lo8(0x437a0000)
 108 0072 30E0      		ldi r19,hi8(0x437a0000)
 109 0074 4AE7      		ldi r20,hlo8(0x437a0000)
 110 0076 53E4      		ldi r21,hhi8(0x437a0000)
 111 0078 0E94 0000 		call __mulsf3
 112 007c 7B01      		movw r14,r22
 113 007e 8C01      		movw r16,r24
 114               	.LM14:
 115 0080 20E0      		ldi r18,lo8(0x3f800000)
 116 0082 30E0      		ldi r19,hi8(0x3f800000)
 117 0084 40E8      		ldi r20,hlo8(0x3f800000)
 118 0086 5FE3      		ldi r21,hhi8(0x3f800000)
 119 0088 0E94 0000 		call __ltsf2
 120 008c 8823      		tst r24
 121 008e 04F4      		brge .L15
 122 0090 61E0      		ldi r22,lo8(1)
 123 0092 70E0      		ldi r23,hi8(1)
 124               	.LVL3:
 125 0094 00C0      		rjmp .L6
 126               	.LVL4:
 127               	.L15:
 128               	.LM15:
 129 0096 C801      		movw r24,r16
 130 0098 B701      		movw r22,r14
 131 009a 20E0      		ldi r18,lo8(0x477fff00)
 132 009c 3FEF      		ldi r19,hi8(0x477fff00)
 133 009e 4FE7      		ldi r20,hlo8(0x477fff00)
 134 00a0 57E4      		ldi r21,hhi8(0x477fff00)
 135 00a2 0E94 0000 		call __gtsf2
 136 00a6 1816      		cp __zero_reg__,r24
 137 00a8 04F4      		brge .L16
 138               	.LM16:
 139 00aa C601      		movw r24,r12
 140 00ac B501      		movw r22,r10
 141 00ae 20E0      		ldi r18,lo8(0x41200000)
 142 00b0 30E0      		ldi r19,hi8(0x41200000)
 143 00b2 40E2      		ldi r20,hlo8(0x41200000)
 144 00b4 51E4      		ldi r21,hhi8(0x41200000)
 145 00b6 0E94 0000 		call __mulsf3
 146 00ba 0E94 0000 		call __fixunssfsi
 147 00be 00C0      		rjmp .L9
 148               	.LVL5:
 149               	.L10:
 150               	.LBB17:
 151               	.LBB16:
 152               	.LM17:
 153 00c0 CE01      		movw r24,r28
 154               	/* #APP */
 155               	 ;  105 "c:/winavr-20100110/lib/gcc/../../avr/include/util/delay_basic.h" 1
 156 00c2 0197      		1: sbiw r24,1
 157 00c4 01F4      		brne 1b
 158               	 ;  0 "" 2
 159               	/* #NOAPP */
 160               	.LBE16:
 161               	.LBE17:
 162               	.LM18:
 163 00c6 6150      		subi r22,lo8(-(-1))
 164 00c8 7040      		sbci r23,hi8(-(-1))
 165               	.L9:
 166               	.LM19:
 167 00ca 6115      		cp r22,__zero_reg__
 168 00cc 7105      		cpc r23,__zero_reg__
 169 00ce 01F4      		brne .L10
 170 00d0 00C0      		rjmp .L17
 171               	.LVL6:
 172               	.L16:
 173               	.LM20:
 174 00d2 C801      		movw r24,r16
 175 00d4 B701      		movw r22,r14
 176 00d6 0E94 0000 		call __fixunssfsi
 177               	.LVL7:
 178               	.L6:
 179               	.LBB18:
 180               	.LBB19:
 181               	.LM21:
 182 00da CB01      		movw r24,r22
 183               	.LVL8:
 184               	/* #APP */
 185               	 ;  105 "c:/winavr-20100110/lib/gcc/../../avr/include/util/delay_basic.h" 1
 186 00dc 0197      		1: sbiw r24,1
 187 00de 01F4      		brne 1b
 188               	 ;  0 "" 2
 189               	/* #NOAPP */
 190 00e0 00C0      		rjmp .L17
 191               	.LBE19:
 192               	.LBE18:
 193               	.LBE20:
 194               	.LBE21:
 195               	.LFE6:
 221               	.Letext0:
DEFINED SYMBOLS
                            *ABS*:00000000 blink.c
C:\users\basiam\Temp/ccPvRKii.s:2      *ABS*:0000003f __SREG__
C:\users\basiam\Temp/ccPvRKii.s:3      *ABS*:0000003e __SP_H__
C:\users\basiam\Temp/ccPvRKii.s:4      *ABS*:0000003d __SP_L__
C:\users\basiam\Temp/ccPvRKii.s:5      *ABS*:00000034 __CCP__
C:\users\basiam\Temp/ccPvRKii.s:6      *ABS*:00000000 __tmp_reg__
C:\users\basiam\Temp/ccPvRKii.s:7      *ABS*:00000001 __zero_reg__
C:\users\basiam\Temp/ccPvRKii.s:18     .text:00000000 main

UNDEFINED SYMBOLS
__mulsf3
__ltsf2
__gtsf2
__fixunssfsi
