   1               		.file	"Pushto.c"
   2               	__SP_H__ = 0x3e
   3               	__SP_L__ = 0x3d
   4               	__SREG__ = 0x3f
   5               	__tmp_reg__ = 0
   6               	__zero_reg__ = 1
   7               		.text
   8               	.Ltext0:
   9               		.cfi_sections	.debug_frame
  10               	.global	system_init
  12               	system_init:
  13               	.LFB7:
  14               		.file 1 "Pushto.c"
   1:Pushto.c      **** #include <avr/io.h>
   2:Pushto.c      **** #include <stdio.h>
   3:Pushto.c      **** 
   4:Pushto.c      **** #define F_CPU 1000000UL
   5:Pushto.c      **** #include <util/delay.h>
   6:Pushto.c      **** #include "lcd.h"
   7:Pushto.c      **** #include "encoder.h"
   8:Pushto.c      **** #include "keypad.h"
   9:Pushto.c      ****     
  10:Pushto.c      **** 
  11:Pushto.c      **** 
  12:Pushto.c      **** void system_init (void)
  13:Pushto.c      **** {
  15               		.loc 1 13 0
  16               		.cfi_startproc
  17               	/* prologue: function */
  18               	/* frame size = 0 */
  19               	/* stack size = 0 */
  20               	.L__stack_usage = 0
  14:Pushto.c      **** 	//DDRA = 0xFE;		//set the PORTA Direction Set every pin of PORTA as out except AN0 
  15:Pushto.c      **** 	MCUCR = MCUCR | 0b00001111;
  21               		.loc 1 15 0
  22 0000 85B7      		in r24,0x35
  23 0002 8F60      		ori r24,lo8(15)
  24 0004 85BF      		out 0x35,r24
  16:Pushto.c      **** 	LCD_DIR = 0xFF;		//Ustawienie pinow dla wyswietlacza LCD
  25               		.loc 1 16 0
  26 0006 8FEF      		ldi r24,lo8(-1)
  27 0008 81BB      		out 0x11,r24
  17:Pushto.c      **** 	EN_DIR = 0b00000000; //Ustawienie pinow dla encoderow
  28               		.loc 1 17 0
  29 000a 17BA      		out 0x17,__zero_reg__
  18:Pushto.c      **** 	EN_PORT = 0b00000011; //pullupy dla encoderow
  30               		.loc 1 18 0
  31 000c 83E0      		ldi r24,lo8(3)
  32 000e 88BB      		out 0x18,r24
  19:Pushto.c      **** 
  20:Pushto.c      **** 	encoder1.maskB=0b00000010;
  33               		.loc 1 20 0
  34 0010 E0E0      		ldi r30,lo8(encoder1)
  35 0012 F0E0      		ldi r31,hi8(encoder1)
  36 0014 82E0      		ldi r24,lo8(2)
  37 0016 8083      		st Z,r24
  21:Pushto.c      **** 	encoder1.count=0;
  38               		.loc 1 21 0
  39 0018 1282      		std Z+2,__zero_reg__
  40 001a 1182      		std Z+1,__zero_reg__
  22:Pushto.c      **** 	encoder2.maskB=0b00001000;
  41               		.loc 1 22 0
  42 001c E0E0      		ldi r30,lo8(encoder2)
  43 001e F0E0      		ldi r31,hi8(encoder2)
  44 0020 88E0      		ldi r24,lo8(8)
  45 0022 8083      		st Z,r24
  23:Pushto.c      **** 	encoder2.count=0;
  46               		.loc 1 23 0
  47 0024 1282      		std Z+2,__zero_reg__
  48 0026 1182      		std Z+1,__zero_reg__
  49 0028 0895      		ret
  50               		.cfi_endproc
  51               	.LFE7:
  53               		.section	.rodata.str1.1,"aMS",@progbits,1
  54               	.LC0:
  55 0000 5055 5348 		.string	"PUSHTO"
  55      544F 00
  56               		.section	.text.startup,"ax",@progbits
  57               	.global	main
  59               	main:
  60               	.LFB8:
  24:Pushto.c      **** 	//ADCSRA=0X00;		// CODE for ADC demo (optional)
  25:Pushto.c      **** 	//ADMUX = 0x40;
  26:Pushto.c      **** 	//ADCSRA = 0x87;
  27:Pushto.c      **** }
  28:Pushto.c      **** 
  29:Pushto.c      **** int main(void)
  30:Pushto.c      **** {
  61               		.loc 1 30 0
  62               		.cfi_startproc
  63               	/* prologue: function */
  64               	/* frame size = 0 */
  65               	/* stack size = 0 */
  66               	.L__stack_usage = 0
  31:Pushto.c      **** 
  32:Pushto.c      **** 	//unsigned int temp;
  33:Pushto.c      **** 	system_init();
  67               		.loc 1 33 0
  68 0000 0E94 0000 		call system_init
  69               	.LVL0:
  34:Pushto.c      **** 	lcdInit();
  70               		.loc 1 34 0
  71 0004 0E94 0000 		call lcdInit
  72               	.LVL1:
  35:Pushto.c      **** 	prints("PUSHTO");
  73               		.loc 1 35 0
  74 0008 80E0      		ldi r24,lo8(.LC0)
  75 000a 90E0      		ldi r25,hi8(.LC0)
  76 000c 0E94 0000 		call prints
  77               	.LVL2:
  78               	.L3:
  36:Pushto.c      **** 	while(1)
  37:Pushto.c      **** 	{
  38:Pushto.c      **** 	direction(&encoder1);
  79               		.loc 1 38 0 discriminator 1
  80 0010 80E0      		ldi r24,lo8(encoder1)
  81 0012 90E0      		ldi r25,hi8(encoder1)
  82 0014 0E94 0000 		call direction
  83               	.LVL3:
  39:Pushto.c      **** 	}
  84               		.loc 1 39 0 discriminator 1
  85 0018 00C0      		rjmp .L3
  86               		.cfi_endproc
  87               	.LFE8:
  89               		.comm	encoder2,3,1
  90               		.comm	encoder1,3,1
  91               		.text
  92               	.Letext0:
  93               		.file 2 "encoder.h"
  94               		.file 3 "lcd.h"
  95               		.file 4 "/usr/lib/avr/include/stdint.h"
DEFINED SYMBOLS
                            *ABS*:0000000000000000 Pushto.c
     /tmp/ccZZNUqg.s:2      *ABS*:000000000000003e __SP_H__
     /tmp/ccZZNUqg.s:3      *ABS*:000000000000003d __SP_L__
     /tmp/ccZZNUqg.s:4      *ABS*:000000000000003f __SREG__
     /tmp/ccZZNUqg.s:5      *ABS*:0000000000000000 __tmp_reg__
     /tmp/ccZZNUqg.s:6      *ABS*:0000000000000001 __zero_reg__
     /tmp/ccZZNUqg.s:12     .text:0000000000000000 system_init
                            *COM*:0000000000000003 encoder1
                            *COM*:0000000000000003 encoder2
     /tmp/ccZZNUqg.s:59     .text.startup:0000000000000000 main

UNDEFINED SYMBOLS
lcdInit
prints
direction
__do_copy_data
__do_clear_bss
